2024-07-12 14:00:28,209 - DEBUG - Using proactor: IocpProactor
2024-07-14 19:37:03,119 - DEBUG - Using proactor: IocpProactor
2024-07-14 20:10:08,585 - DEBUG - Using proactor: IocpProactor
2024-07-14 21:09:23,308 - DEBUG - Using proactor: IocpProactor
2024-07-14 21:17:45,881 - DEBUG - Using proactor: IocpProactor
2024-07-14 21:20:20,729 - DEBUG - Using proactor: IocpProactor
2024-07-14 21:22:53,316 - DEBUG - Using proactor: IocpProactor
2024-07-14 21:23:58,731 - DEBUG - Using proactor: IocpProactor
2024-07-14 21:25:21,476 - DEBUG - Using proactor: IocpProactor
2024-07-14 21:35:37,321 - DEBUG - Using proactor: IocpProactor
2024-07-14 21:41:20,711 - DEBUG - Using proactor: IocpProactor
2024-07-14 22:09:12,360 - DEBUG - Using proactor: IocpProactor
2024-07-14 22:15:51,407 - DEBUG - Using proactor: IocpProactor
2024-07-14 22:22:25,262 - DEBUG - Using proactor: IocpProactor
2024-07-14 22:28:13,518 - DEBUG - Using proactor: IocpProactor
2024-07-14 22:30:18,508 - DEBUG - Using proactor: IocpProactor
2024-07-14 22:30:59,271 - DEBUG - Using proactor: IocpProactor
2024-07-14 22:40:02,396 - DEBUG - Using proactor: IocpProactor
2024-07-14 22:41:05,137 - DEBUG - load_ssl_context verify=True cert=None trust_env=True http2=False
2024-07-14 22:41:05,141 - DEBUG - load_verify_locations cafile='C:\\Python312\\Lib\\site-packages\\certifi\\cacert.pem'
2024-07-14 22:42:15,871 - DEBUG - Using proactor: IocpProactor
2024-07-14 22:46:18,930 - DEBUG - load_ssl_context verify=True cert=None trust_env=True http2=False
2024-07-14 22:46:18,934 - DEBUG - load_verify_locations cafile='C:\\Python312\\Lib\\site-packages\\certifi\\cacert.pem'
2024-07-14 22:46:44,679 - DEBUG - Using proactor: IocpProactor
2024-07-14 22:55:58,638 - DEBUG - Using proactor: IocpProactor
2024-07-14 22:56:06,771 - DEBUG - load_ssl_context verify=True cert=None trust_env=True http2=False
2024-07-14 22:56:06,774 - DEBUG - load_verify_locations cafile='C:\\Python312\\Lib\\site-packages\\certifi\\cacert.pem'
2024-07-14 23:01:27,791 - DEBUG - Using proactor: IocpProactor
2024-07-14 23:02:50,889 - DEBUG - Using proactor: IocpProactor
2024-07-14 23:04:42,181 - DEBUG - Using proactor: IocpProactor
2024-07-14 23:04:58,976 - DEBUG - load_ssl_context verify=True cert=None trust_env=True http2=False
2024-07-14 23:04:58,980 - DEBUG - load_verify_locations cafile='C:\\Python312\\Lib\\site-packages\\certifi\\cacert.pem'
2024-07-14 23:07:54,113 - DEBUG - load_ssl_context verify=True cert=None trust_env=True http2=False
2024-07-14 23:07:54,113 - DEBUG - load_verify_locations cafile='C:\\Python312\\Lib\\site-packages\\certifi\\cacert.pem'
2024-07-14 23:09:05,995 - DEBUG - load_ssl_context verify=True cert=None trust_env=True http2=False
2024-07-14 23:09:05,996 - DEBUG - load_verify_locations cafile='C:\\Python312\\Lib\\site-packages\\certifi\\cacert.pem'
2024-07-14 23:09:38,349 - DEBUG - Using proactor: IocpProactor
2024-07-14 23:10:34,401 - DEBUG - Using proactor: IocpProactor
2024-07-14 23:12:24,426 - DEBUG - Using proactor: IocpProactor
2024-07-14 23:17:38,030 - DEBUG - Using proactor: IocpProactor
2024-07-14 23:18:20,374 - DEBUG - Using proactor: IocpProactor
2024-07-14 23:20:54,301 - DEBUG - Using proactor: IocpProactor
2024-07-14 23:23:51,779 - DEBUG - Using proactor: IocpProactor
2024-07-14 23:26:28,315 - DEBUG - Using proactor: IocpProactor
2024-07-16 08:07:25,542 - DEBUG - Using proactor: IocpProactor
2024-07-16 09:28:27,942 - DEBUG - Using proactor: IocpProactor
2024-07-16 09:50:01,339 - DEBUG - Using proactor: IocpProactor
2024-07-16 10:02:30,010 - DEBUG - Using proactor: IocpProactor
2024-07-16 10:25:03,085 - DEBUG - Using proactor: IocpProactor
2024-07-16 10:46:28,807 - DEBUG - Using proactor: IocpProactor
2024-07-16 10:54:41,622 - DEBUG - Using proactor: IocpProactor
2024-07-16 11:00:05,604 - DEBUG - Using proactor: IocpProactor
2024-07-16 11:03:50,146 - DEBUG - Using proactor: IocpProactor
2024-07-16 11:57:24,149 - DEBUG - Using proactor: IocpProactor
2024-07-16 12:07:07,290 - DEBUG - Using proactor: IocpProactor
2024-07-16 13:12:36,078 - DEBUG - Using proactor: IocpProactor
2024-07-16 13:22:56,051 - DEBUG - Using proactor: IocpProactor
2024-07-16 13:27:25,421 - DEBUG - Using proactor: IocpProactor
2024-07-16 13:33:55,758 - DEBUG - Using proactor: IocpProactor
2024-07-16 13:34:27,141 - DEBUG - Using proactor: IocpProactor
2024-07-16 13:37:15,410 - DEBUG - Using proactor: IocpProactor
2024-07-16 13:40:23,324 - DEBUG - Using proactor: IocpProactor
2024-07-16 13:50:21,737 - DEBUG - Using proactor: IocpProactor
2024-07-16 14:53:51,127 - DEBUG - Using proactor: IocpProactor
2024-07-16 14:58:27,814 - DEBUG - Using proactor: IocpProactor
2024-07-16 15:00:03,148 - DEBUG - Using proactor: IocpProactor
2024-07-16 15:01:57,965 - DEBUG - Using proactor: IocpProactor
2024-07-16 15:20:38,288 - DEBUG - Using proactor: IocpProactor
2024-07-16 15:21:07,518 - DEBUG - load_ssl_context verify=True cert=None trust_env=True http2=False
2024-07-16 15:21:07,544 - DEBUG - load_verify_locations cafile='C:\\Python312\\Lib\\site-packages\\certifi\\cacert.pem'
2024-07-16 15:57:29,273 - DEBUG - Using proactor: IocpProactor
2024-07-17 08:56:37,509 - DEBUG - Using proactor: IocpProactor
2024-07-17 09:00:19,660 - DEBUG - load_ssl_context verify=True cert=None trust_env=True http2=False
2024-07-17 09:00:19,684 - DEBUG - load_verify_locations cafile='C:\\Python312\\Lib\\site-packages\\certifi\\cacert.pem'
2024-07-17 09:00:20,407 - DEBUG - connect_tcp.started host='efristest.ura.go.ug' port=443 local_address=None timeout=60.0 socket_options=None
2024-07-17 09:00:20,756 - DEBUG - connect_tcp.complete return_value=<httpcore._backends.anyio.AnyIOStream object at 0x000001D55F8FC080>
2024-07-17 09:00:20,756 - DEBUG - start_tls.started ssl_context=<ssl.SSLContext object at 0x000001D56FA73BD0> server_hostname='efristest.ura.go.ug' timeout=60.0
2024-07-17 09:00:22,181 - DEBUG - start_tls.complete return_value=<httpcore._backends.anyio.AnyIOStream object at 0x000001D56E602450>
2024-07-17 09:00:22,181 - DEBUG - send_request_headers.started request=<Request [b'POST']>
2024-07-17 09:00:22,183 - DEBUG - send_request_headers.complete
2024-07-17 09:00:22,183 - DEBUG - send_request_body.started request=<Request [b'POST']>
2024-07-17 09:00:22,183 - DEBUG - send_request_body.complete
2024-07-17 09:00:22,183 - DEBUG - receive_response_headers.started request=<Request [b'POST']>
2024-07-17 09:00:23,520 - DEBUG - receive_response_headers.complete return_value=(b'HTTP/1.1', 500, b'', [(b'Content-Language', b'zh-CN'), (b'Date', b'Wed, 17 Jul 2024 06:02:38 GMT'), (b'Content-Type', b'application/json;charset=UTF-8'), (b'Transfer-Encoding', b'chunked'), (b'Connection', b'close')])
2024-07-17 09:00:23,525 - INFO - HTTP Request: POST https://efristest.ura.go.ug/efrisws/ws/taapp/getInformation "HTTP/1.1 500 "
2024-07-17 09:00:23,525 - DEBUG - receive_response_body.started request=<Request [b'POST']>
2024-07-17 09:00:23,525 - DEBUG - receive_response_body.complete
2024-07-17 09:00:23,526 - DEBUG - response_closed.started
2024-07-17 09:00:23,526 - DEBUG - response_closed.complete
2024-07-17 09:14:15,998 - DEBUG - Using proactor: IocpProactor
2024-07-17 09:15:42,229 - DEBUG - load_ssl_context verify=True cert=None trust_env=True http2=False
2024-07-17 09:15:42,260 - DEBUG - load_verify_locations cafile='C:\\Python312\\Lib\\site-packages\\certifi\\cacert.pem'
2024-07-17 09:15:42,931 - DEBUG - connect_tcp.started host='efristest.ura.go.ug' port=443 local_address=None timeout=60.0 socket_options=None
2024-07-17 09:15:42,996 - DEBUG - connect_tcp.complete return_value=<httpcore._backends.anyio.AnyIOStream object at 0x00000278B38A6D50>
2024-07-17 09:15:42,999 - DEBUG - start_tls.started ssl_context=<ssl.SSLContext object at 0x00000278B43EFB50> server_hostname='efristest.ura.go.ug' timeout=60.0
2024-07-17 09:15:43,092 - DEBUG - start_tls.complete return_value=<httpcore._backends.anyio.AnyIOStream object at 0x00000278B43B73B0>
2024-07-17 09:15:43,099 - DEBUG - send_request_headers.started request=<Request [b'POST']>
2024-07-17 09:15:43,099 - DEBUG - send_request_headers.complete
2024-07-17 09:15:43,100 - DEBUG - send_request_body.started request=<Request [b'POST']>
2024-07-17 09:15:43,102 - DEBUG - send_request_body.complete
2024-07-17 09:15:43,102 - DEBUG - receive_response_headers.started request=<Request [b'POST']>
2024-07-17 09:15:43,168 - DEBUG - receive_response_headers.complete return_value=(b'HTTP/1.1', 500, b'', [(b'Content-Type', b'application/json'), (b'Content-Length', b'0'), (b'Date', b'Wed, 17 Jul 2024 06:17:58 GMT'), (b'Connection', b'close')])
2024-07-17 09:15:43,168 - INFO - HTTP Request: POST https://efristest.ura.go.ug/efrisws/ws/taapp/getInformation "HTTP/1.1 500 "
2024-07-17 09:15:43,168 - DEBUG - receive_response_body.started request=<Request [b'POST']>
2024-07-17 09:15:43,171 - DEBUG - receive_response_body.complete
2024-07-17 09:15:43,171 - DEBUG - response_closed.started
2024-07-17 09:15:43,172 - DEBUG - response_closed.complete
2024-07-17 09:18:33,144 - DEBUG - Using proactor: IocpProactor
2024-07-17 09:18:50,646 - DEBUG - load_ssl_context verify=True cert=None trust_env=True http2=False
2024-07-17 09:18:50,681 - DEBUG - load_verify_locations cafile='C:\\Python312\\Lib\\site-packages\\certifi\\cacert.pem'
2024-07-17 09:18:51,278 - DEBUG - connect_tcp.started host='efristest.ura.go.ug' port=443 local_address=None timeout=60.0 socket_options=None
2024-07-17 09:18:51,334 - DEBUG - connect_tcp.complete return_value=<httpcore._backends.anyio.AnyIOStream object at 0x000001E762008B00>
2024-07-17 09:18:51,334 - DEBUG - start_tls.started ssl_context=<ssl.SSLContext object at 0x000001E7626B2DD0> server_hostname='efristest.ura.go.ug' timeout=60.0
2024-07-17 09:18:51,414 - DEBUG - start_tls.complete return_value=<httpcore._backends.anyio.AnyIOStream object at 0x000001E762283B30>
2024-07-17 09:18:51,414 - DEBUG - send_request_headers.started request=<Request [b'POST']>
2024-07-17 09:18:51,415 - DEBUG - send_request_headers.complete
2024-07-17 09:18:51,416 - DEBUG - send_request_body.started request=<Request [b'POST']>
2024-07-17 09:18:51,417 - DEBUG - send_request_body.complete
2024-07-17 09:18:51,418 - DEBUG - receive_response_headers.started request=<Request [b'POST']>
2024-07-17 09:18:51,515 - DEBUG - receive_response_headers.complete return_value=(b'HTTP/1.1', 500, b'', [(b'Content-Type', b'application/json'), (b'Content-Length', b'0'), (b'Date', b'Wed, 17 Jul 2024 06:21:06 GMT'), (b'Connection', b'close')])
2024-07-17 09:18:51,516 - INFO - HTTP Request: POST https://efristest.ura.go.ug/efrisws/ws/taapp/getInformation "HTTP/1.1 500 "
2024-07-17 09:18:51,516 - DEBUG - receive_response_body.started request=<Request [b'POST']>
2024-07-17 09:18:51,516 - DEBUG - receive_response_body.complete
2024-07-17 09:18:51,516 - DEBUG - response_closed.started
2024-07-17 09:18:51,516 - DEBUG - response_closed.complete
2024-07-17 09:18:53,237 - DEBUG - load_ssl_context verify=True cert=None trust_env=True http2=False
2024-07-17 09:18:53,245 - DEBUG - load_verify_locations cafile='C:\\Python312\\Lib\\site-packages\\certifi\\cacert.pem'
2024-07-17 09:18:53,832 - DEBUG - connect_tcp.started host='efristest.ura.go.ug' port=443 local_address=None timeout=60.0 socket_options=None
2024-07-17 09:18:53,902 - DEBUG - connect_tcp.complete return_value=<httpcore._backends.anyio.AnyIOStream object at 0x000001E763749250>
2024-07-17 09:18:53,902 - DEBUG - start_tls.started ssl_context=<ssl.SSLContext object at 0x000001E7637B8350> server_hostname='efristest.ura.go.ug' timeout=60.0
2024-07-17 09:18:54,048 - DEBUG - start_tls.complete return_value=<httpcore._backends.anyio.AnyIOStream object at 0x000001E7626AE360>
2024-07-17 09:18:54,048 - DEBUG - send_request_headers.started request=<Request [b'POST']>
2024-07-17 09:18:54,048 - DEBUG - send_request_headers.complete
2024-07-17 09:18:54,048 - DEBUG - send_request_body.started request=<Request [b'POST']>
2024-07-17 09:18:54,048 - DEBUG - send_request_body.complete
2024-07-17 09:18:54,048 - DEBUG - receive_response_headers.started request=<Request [b'POST']>
2024-07-17 09:18:54,205 - DEBUG - receive_response_headers.complete return_value=(b'HTTP/1.1', 500, b'', [(b'Content-Type', b'application/json'), (b'Content-Length', b'0'), (b'Date', b'Wed, 17 Jul 2024 06:21:09 GMT'), (b'Connection', b'close')])
2024-07-17 09:18:54,205 - INFO - HTTP Request: POST https://efristest.ura.go.ug/efrisws/ws/taapp/getInformation "HTTP/1.1 500 "
2024-07-17 09:18:54,205 - DEBUG - receive_response_body.started request=<Request [b'POST']>
2024-07-17 09:18:54,205 - DEBUG - receive_response_body.complete
2024-07-17 09:18:54,205 - DEBUG - response_closed.started
2024-07-17 09:18:54,205 - DEBUG - response_closed.complete
2024-07-17 09:22:12,091 - DEBUG - Using proactor: IocpProactor
2024-07-17 09:22:17,061 - DEBUG - load_ssl_context verify=True cert=None trust_env=True http2=False
2024-07-17 09:22:17,092 - DEBUG - load_verify_locations cafile='C:\\Python312\\Lib\\site-packages\\certifi\\cacert.pem'
2024-07-17 09:22:17,681 - DEBUG - connect_tcp.started host='efristest.ura.go.ug' port=443 local_address=None timeout=60.0 socket_options=None
2024-07-17 09:22:28,754 - DEBUG - connect_tcp.failed exception=ConnectError(gaierror(11002, 'getaddrinfo failed'))
2024-07-25 11:16:21,071 - DEBUG - Using proactor: IocpProactor
2024-07-25 11:17:50,850 - DEBUG - Using proactor: IocpProactor
2024-07-25 11:18:54,805 - DEBUG - Using proactor: IocpProactor
2024-07-25 11:39:09,888 - DEBUG - Using proactor: IocpProactor
2024-07-25 12:07:42,673 - DEBUG - Using proactor: IocpProactor
2024-07-25 12:10:50,504 - DEBUG - Using proactor: IocpProactor
2024-07-25 12:14:25,616 - DEBUG - Using proactor: IocpProactor
2024-07-25 12:22:09,204 - DEBUG - Using proactor: IocpProactor
2024-07-25 12:23:54,931 - DEBUG - Using proactor: IocpProactor
2024-07-25 12:27:34,181 - DEBUG - Using proactor: IocpProactor
2024-07-25 12:28:09,723 - DEBUG - Using proactor: IocpProactor
2024-07-25 12:28:10,028 - DEBUG - Sending number to external system with data: <class 'bytes'>
2024-07-25 12:39:26,818 - DEBUG - Using proactor: IocpProactor
2024-07-25 12:39:27,263 - DEBUG - Sending number to external system with data: <class 'bytes'>
2024-07-25 12:39:47,697 - DEBUG - Using proactor: IocpProactor
2024-07-25 12:39:58,002 - DEBUG - Sending number to external system with data: <class 'bytes'>
2024-07-25 12:39:59,426 - DEBUG - Sending number to external system with data: <class 'bytes'>
2024-07-25 12:40:06,948 - DEBUG - Sending number to external system with data: <class 'bytes'>
2024-07-25 13:11:09,020 - DEBUG - Using proactor: IocpProactor
2024-07-25 13:11:54,513 - DEBUG - Sending number to external system with data: <class 'bytes'>
2024-07-25 13:22:25,949 - DEBUG - Using proactor: IocpProactor
2024-07-25 13:22:32,549 - DEBUG - Sending number to external system with data: <class 'bytes'>
2024-07-25 13:23:59,523 - DEBUG - Using proactor: IocpProactor
2024-07-25 13:24:02,158 - DEBUG - Sending number to external system with data: <class 'bytes'>
2024-07-25 13:24:02,158 - DEBUG - Sending number with data: {'data': {'content': '', 'signature': '', 'dataDescription': {'codeType': '0', 'encryptCode': '1', 'zipCode': '0'}}, 'globalInfo': {'appId': 'AP01', 'version': '1.1.20191201', 'dataExchangeId': '9230489223014123', 'interfaceCode': 'T101', 'requestCode': 'TP', 'requestTime': '2024-07-25 11:17:37', 'responseCode': 'TA', 'userName': 'admin', 'deviceMAC': 'FFFFFFFFFFFF', 'deviceNo': '1008686938_01', 'tin': '1008686938', 'brn': '', 'taxpayerID': '1', 'longitude': '116.397128', 'latitude': '39.916527', 'agentType': '0', 'extendField': {'responseDateFormat': 'dd/MM/yyyy', 'responseTimeFormat': 'dd/MM/yyyy HH:mm:ss', 'referenceNo': '21PL010020807', 'operatorName': 'administrator', 'offlineInvoiceException': {'errorCode': '', 'errorMsg': ''}}}, 'returnStateInfo': {'returnCode': '', 'returnMessage': ''}}
2024-07-25 13:24:02,158 - DEBUG - load_ssl_context verify=True cert=None trust_env=True http2=False
2024-07-25 13:24:02,183 - DEBUG - load_verify_locations cafile='C:\\Python312\\Lib\\site-packages\\certifi\\cacert.pem'
2024-07-25 13:24:03,603 - DEBUG - connect_tcp.started host='efristest.ura.go.ug' port=443 local_address=None timeout=60.0 socket_options=None
2024-07-25 13:24:03,788 - DEBUG - connect_tcp.complete return_value=<httpcore._backends.anyio.AnyIOStream object at 0x00000175C57CFF20>
2024-07-25 13:24:03,788 - DEBUG - start_tls.started ssl_context=<ssl.SSLContext object at 0x00000175C57153D0> server_hostname='efristest.ura.go.ug' timeout=60.0
2024-07-25 13:24:03,917 - DEBUG - start_tls.complete return_value=<httpcore._backends.anyio.AnyIOStream object at 0x00000175C53708F0>
2024-07-25 13:24:03,918 - DEBUG - send_request_headers.started request=<Request [b'POST']>
2024-07-25 13:24:03,919 - DEBUG - send_request_headers.complete
2024-07-25 13:24:03,919 - DEBUG - send_request_body.started request=<Request [b'POST']>
2024-07-25 13:24:03,919 - DEBUG - send_request_body.complete
2024-07-25 13:24:03,919 - DEBUG - receive_response_headers.started request=<Request [b'POST']>
2024-07-25 13:24:04,068 - DEBUG - receive_response_headers.complete return_value=(b'HTTP/1.1', 200, b'', [(b'Date', b'Thu, 25 Jul 2024 10:23:28 GMT'), (b'Content-Type', b'application/json'), (b'Content-Length', b'792'), (b'Keep-Alive', b'timeout=60'), (b'Connection', b'keep-alive')])
2024-07-25 13:24:04,068 - INFO - HTTP Request: POST https://efristest.ura.go.ug/efrisws/ws/taapp/getInformation "HTTP/1.1 200 "
2024-07-25 13:24:04,068 - DEBUG - receive_response_body.started request=<Request [b'POST']>
2024-07-25 13:24:04,068 - DEBUG - receive_response_body.complete
2024-07-25 13:24:04,068 - DEBUG - response_closed.started
2024-07-25 13:24:04,068 - DEBUG - response_closed.complete
2024-07-25 13:24:04,068 - DEBUG - Verifying signature
2024-07-25 13:24:04,068 - DEBUG - close.started
2024-07-25 13:24:04,068 - DEBUG - close.complete
2024-07-25 13:55:45,672 - DEBUG - Using proactor: IocpProactor
2024-07-25 13:55:50,549 - DEBUG - Sending number to external system with data: <class 'bytes'>
2024-07-25 13:55:50,549 - DEBUG - Sending number with data: {'data': {'content': '', 'signature': '', 'dataDescription': {'codeType': '0', 'encryptCode': '1', 'zipCode': '0'}}, 'globalInfo': {'appId': 'AP01', 'version': '1.1.20191201', 'dataExchangeId': '9230489223014123', 'interfaceCode': 'T101', 'requestCode': 'TP', 'requestTime': '2024-07-25 11:17:37', 'responseCode': 'TA', 'userName': 'admin', 'deviceMAC': 'FFFFFFFFFFFF', 'deviceNo': '1008686938_01', 'tin': '1008686938', 'brn': '', 'taxpayerID': '1', 'longitude': '116.397128', 'latitude': '39.916527', 'agentType': '0', 'extendField': {'responseDateFormat': 'dd/MM/yyyy', 'responseTimeFormat': 'dd/MM/yyyy HH:mm:ss', 'referenceNo': '21PL010020807', 'operatorName': 'administrator', 'offlineInvoiceException': {'errorCode': '', 'errorMsg': ''}}}, 'returnStateInfo': {'returnCode': '', 'returnMessage': ''}}
2024-07-25 13:55:50,549 - DEBUG - load_ssl_context verify=True cert=None trust_env=True http2=False
2024-07-25 13:55:50,580 - DEBUG - load_verify_locations cafile='C:\\Python312\\Lib\\site-packages\\certifi\\cacert.pem'
2024-07-25 13:55:52,082 - DEBUG - connect_tcp.started host='efristest.ura.go.ug' port=443 local_address=None timeout=60.0 socket_options=None
2024-07-25 13:55:52,220 - DEBUG - connect_tcp.complete return_value=<httpcore._backends.anyio.AnyIOStream object at 0x000001EBA6AEE570>
2024-07-25 13:55:52,220 - DEBUG - start_tls.started ssl_context=<ssl.SSLContext object at 0x000001EBA6AC5350> server_hostname='efristest.ura.go.ug' timeout=60.0
2024-07-25 13:55:52,319 - DEBUG - start_tls.complete return_value=<httpcore._backends.anyio.AnyIOStream object at 0x000001EBA6B7BD40>
2024-07-25 13:55:52,319 - DEBUG - send_request_headers.started request=<Request [b'POST']>
2024-07-25 13:55:52,319 - DEBUG - send_request_headers.complete
2024-07-25 13:55:52,319 - DEBUG - send_request_body.started request=<Request [b'POST']>
2024-07-25 13:55:52,319 - DEBUG - send_request_body.complete
2024-07-25 13:55:52,319 - DEBUG - receive_response_headers.started request=<Request [b'POST']>
2024-07-25 13:55:52,400 - DEBUG - receive_response_headers.complete return_value=(b'HTTP/1.1', 200, b'', [(b'Date', b'Thu, 25 Jul 2024 10:55:16 GMT'), (b'Content-Type', b'application/json'), (b'Content-Length', b'792'), (b'Keep-Alive', b'timeout=60'), (b'Connection', b'keep-alive')])
2024-07-25 13:55:52,400 - INFO - HTTP Request: POST https://efristest.ura.go.ug/efrisws/ws/taapp/getInformation "HTTP/1.1 200 "
2024-07-25 13:55:52,400 - DEBUG - receive_response_body.started request=<Request [b'POST']>
2024-07-25 13:55:52,400 - DEBUG - receive_response_body.complete
2024-07-25 13:55:52,400 - DEBUG - response_closed.started
2024-07-25 13:55:52,400 - DEBUG - response_closed.complete
2024-07-25 13:55:52,400 - DEBUG - close.started
2024-07-25 13:55:52,400 - DEBUG - close.complete
2024-07-25 15:18:25,696 - DEBUG - Using proactor: IocpProactor
2024-07-25 15:18:29,881 - DEBUG - Sending number to external system with data: <class 'bytes'>
2024-07-25 15:18:29,881 - DEBUG - Sending number with data: {'data': {'content': '', 'signature': '', 'dataDescription': {'codeType': '0', 'encryptCode': '1', 'zipCode': '0'}}, 'globalInfo': {'appId': 'AP01', 'version': '1.1.20191201', 'dataExchangeId': '9230489223014123', 'interfaceCode': 'T101', 'requestCode': 'TP', 'requestTime': '2024-07-25 11:17:37', 'responseCode': 'TA', 'userName': 'admin', 'deviceMAC': 'FFFFFFFFFFFF', 'deviceNo': '1008686938_01', 'tin': '1008686938', 'brn': '', 'taxpayerID': '1', 'longitude': '116.397128', 'latitude': '39.916527', 'agentType': '0', 'extendField': {'responseDateFormat': 'dd/MM/yyyy', 'responseTimeFormat': 'dd/MM/yyyy HH:mm:ss', 'referenceNo': '21PL010020807', 'operatorName': 'administrator', 'offlineInvoiceException': {'errorCode': '', 'errorMsg': ''}}}, 'returnStateInfo': {'returnCode': '', 'returnMessage': ''}}
2024-07-25 15:18:29,881 - DEBUG - load_ssl_context verify=True cert=None trust_env=True http2=False
2024-07-25 15:18:29,907 - DEBUG - load_verify_locations cafile='C:\\Python312\\Lib\\site-packages\\certifi\\cacert.pem'
2024-07-25 15:18:30,921 - DEBUG - connect_tcp.started host='efristest.ura.go.ug' port=443 local_address=None timeout=60.0 socket_options=None
2024-07-25 15:18:31,746 - DEBUG - connect_tcp.complete return_value=<httpcore._backends.anyio.AnyIOStream object at 0x0000020171025430>
2024-07-25 15:18:31,746 - DEBUG - start_tls.started ssl_context=<ssl.SSLContext object at 0x0000020171535350> server_hostname='efristest.ura.go.ug' timeout=60.0
2024-07-25 15:18:32,019 - DEBUG - start_tls.complete return_value=<httpcore._backends.anyio.AnyIOStream object at 0x00000201710D8980>
2024-07-25 15:18:32,020 - DEBUG - send_request_headers.started request=<Request [b'POST']>
2024-07-25 15:18:32,021 - DEBUG - send_request_headers.complete
2024-07-25 15:18:32,021 - DEBUG - send_request_body.started request=<Request [b'POST']>
2024-07-25 15:18:32,021 - DEBUG - send_request_body.complete
2024-07-25 15:18:32,021 - DEBUG - receive_response_headers.started request=<Request [b'POST']>
2024-07-25 15:18:32,305 - DEBUG - receive_response_headers.complete return_value=(b'HTTP/1.1', 200, b'', [(b'Date', b'Thu, 25 Jul 2024 12:17:54 GMT'), (b'Content-Type', b'application/json'), (b'Content-Length', b'792'), (b'Keep-Alive', b'timeout=60'), (b'Connection', b'keep-alive')])
2024-07-25 15:18:32,305 - INFO - HTTP Request: POST https://efristest.ura.go.ug/efrisws/ws/taapp/getInformation "HTTP/1.1 200 "
2024-07-25 15:18:32,305 - DEBUG - receive_response_body.started request=<Request [b'POST']>
2024-07-25 15:18:32,305 - DEBUG - receive_response_body.complete
2024-07-25 15:18:32,305 - DEBUG - response_closed.started
2024-07-25 15:18:32,305 - DEBUG - response_closed.complete
2024-07-25 15:18:32,305 - DEBUG - close.started
2024-07-25 15:18:32,305 - DEBUG - close.complete
2024-07-25 15:22:43,554 - DEBUG - Using proactor: IocpProactor
2024-07-25 15:22:46,814 - DEBUG - Sending number with data: {'data': {'content': '', 'signature': '', 'dataDescription': {'codeType': '0', 'encryptCode': '1', 'zipCode': '0'}}, 'globalInfo': {'appId': 'AP01', 'version': '1.1.20191201', 'dataExchangeId': '9230489223014123', 'interfaceCode': 'T101', 'requestCode': 'TP', 'requestTime': '2024-07-25 15:22:37', 'responseCode': 'TA', 'userName': 'admin', 'deviceMAC': 'FFFFFFFFFFFF', 'deviceNo': '1008686938_01', 'tin': '1008686938', 'brn': '', 'taxpayerID': '1', 'longitude': '116.397128', 'latitude': '39.916527', 'agentType': '0', 'extendField': {'responseDateFormat': 'dd/MM/yyyy', 'responseTimeFormat': 'dd/MM/yyyy HH:mm:ss', 'referenceNo': '21PL010020807', 'operatorName': 'administrator', 'offlineInvoiceException': {'errorCode': '', 'errorMsg': ''}}}, 'returnStateInfo': {'returnCode': '', 'returnMessage': ''}}
2024-07-25 15:22:46,814 - DEBUG - load_ssl_context verify=True cert=None trust_env=True http2=False
2024-07-25 15:22:46,842 - DEBUG - load_verify_locations cafile='C:\\Python312\\Lib\\site-packages\\certifi\\cacert.pem'
2024-07-25 15:22:47,543 - DEBUG - connect_tcp.started host='efristest.ura.go.ug' port=443 local_address=None timeout=60.0 socket_options=None
2024-07-25 15:22:47,791 - DEBUG - connect_tcp.complete return_value=<httpcore._backends.anyio.AnyIOStream object at 0x0000012DD9A7EE70>
2024-07-25 15:22:47,792 - DEBUG - start_tls.started ssl_context=<ssl.SSLContext object at 0x0000012DD9A76650> server_hostname='efristest.ura.go.ug' timeout=60.0
2024-07-25 15:22:48,098 - DEBUG - start_tls.complete return_value=<httpcore._backends.anyio.AnyIOStream object at 0x0000012DD95E0830>
2024-07-25 15:22:48,098 - DEBUG - send_request_headers.started request=<Request [b'POST']>
2024-07-25 15:22:48,098 - DEBUG - send_request_headers.complete
2024-07-25 15:22:48,103 - DEBUG - send_request_body.started request=<Request [b'POST']>
2024-07-25 15:22:48,103 - DEBUG - send_request_body.complete
2024-07-25 15:22:48,103 - DEBUG - receive_response_headers.started request=<Request [b'POST']>
2024-07-25 15:22:48,409 - DEBUG - receive_response_headers.complete return_value=(b'HTTP/1.1', 200, b'', [(b'Date', b'Thu, 25 Jul 2024 12:22:10 GMT'), (b'Content-Type', b'application/json'), (b'Content-Length', b'792'), (b'Keep-Alive', b'timeout=60'), (b'Connection', b'keep-alive')])
2024-07-25 15:22:48,409 - INFO - HTTP Request: POST https://efristest.ura.go.ug/efrisws/ws/taapp/getInformation "HTTP/1.1 200 "
2024-07-25 15:22:48,409 - DEBUG - receive_response_body.started request=<Request [b'POST']>
2024-07-25 15:22:48,409 - DEBUG - receive_response_body.complete
2024-07-25 15:22:48,409 - DEBUG - response_closed.started
2024-07-25 15:22:48,413 - DEBUG - response_closed.complete
2024-07-25 15:22:48,413 - DEBUG - close.started
2024-07-25 15:22:48,413 - DEBUG - close.complete
2024-07-25 15:23:34,124 - DEBUG - Using proactor: IocpProactor
2024-07-25 15:23:37,814 - DEBUG - Sending number with data: {'data': {'content': '', 'signature': '', 'dataDescription': {'codeType': '0', 'encryptCode': '1', 'zipCode': '0'}}, 'globalInfo': {'appId': 'AP01', 'version': '1.1.20191201', 'dataExchangeId': '9230489223014123', 'interfaceCode': 'T101', 'requestCode': 'TP', 'requestTime': '2024-07-25 15:22:37', 'responseCode': 'TA', 'userName': 'admin', 'deviceMAC': 'FFFFFFFFFFFF', 'deviceNo': '1008686938_01', 'tin': '1008686938', 'brn': '', 'taxpayerID': '1', 'longitude': '116.397128', 'latitude': '39.916527', 'agentType': '0', 'extendField': {'responseDateFormat': 'dd/MM/yyyy', 'responseTimeFormat': 'dd/MM/yyyy HH:mm:ss', 'referenceNo': '21PL010020807', 'operatorName': 'administrator', 'offlineInvoiceException': {'errorCode': '', 'errorMsg': ''}}}, 'returnStateInfo': {'returnCode': '', 'returnMessage': ''}}
2024-07-25 15:23:37,814 - DEBUG - load_ssl_context verify=True cert=None trust_env=True http2=False
2024-07-25 15:23:37,823 - DEBUG - load_verify_locations cafile='C:\\Python312\\Lib\\site-packages\\certifi\\cacert.pem'
2024-07-25 15:23:38,777 - DEBUG - connect_tcp.started host='efristest.ura.go.ug' port=443 local_address=None timeout=60.0 socket_options=None
2024-07-25 15:23:38,943 - DEBUG - connect_tcp.complete return_value=<httpcore._backends.anyio.AnyIOStream object at 0x000001F59F6CEFC0>
2024-07-25 15:23:38,943 - DEBUG - start_tls.started ssl_context=<ssl.SSLContext object at 0x000001F59F6C6650> server_hostname='efristest.ura.go.ug' timeout=60.0
2024-07-25 15:23:39,225 - DEBUG - start_tls.complete return_value=<httpcore._backends.anyio.AnyIOStream object at 0x000001F59F0FFE90>
2024-07-25 15:23:39,225 - DEBUG - send_request_headers.started request=<Request [b'POST']>
2024-07-25 15:23:39,225 - DEBUG - send_request_headers.complete
2024-07-25 15:23:39,225 - DEBUG - send_request_body.started request=<Request [b'POST']>
2024-07-25 15:23:39,225 - DEBUG - send_request_body.complete
2024-07-25 15:23:39,225 - DEBUG - receive_response_headers.started request=<Request [b'POST']>
2024-07-25 15:23:39,463 - DEBUG - receive_response_headers.complete return_value=(b'HTTP/1.1', 200, b'', [(b'Date', b'Thu, 25 Jul 2024 12:23:02 GMT'), (b'Content-Type', b'application/json'), (b'Content-Length', b'792'), (b'Keep-Alive', b'timeout=60'), (b'Connection', b'keep-alive')])
2024-07-25 15:23:39,463 - INFO - HTTP Request: POST https://efristest.ura.go.ug/efrisws/ws/taapp/getInformation "HTTP/1.1 200 "
2024-07-25 15:23:39,472 - DEBUG - receive_response_body.started request=<Request [b'POST']>
2024-07-25 15:23:39,473 - DEBUG - receive_response_body.complete
2024-07-25 15:23:39,473 - DEBUG - response_closed.started
2024-07-25 15:23:39,473 - DEBUG - response_closed.complete
2024-07-25 15:23:39,473 - DEBUG - close.started
2024-07-25 15:23:39,473 - DEBUG - close.complete
2024-07-25 15:26:28,978 - DEBUG - Using proactor: IocpProactor
2024-07-25 15:31:02,938 - DEBUG - Using proactor: IocpProactor
2024-07-25 15:31:05,663 - DEBUG - Sending number with data: {'data': {'content': '', 'signature': '', 'dataDescription': {'codeType': '0', 'encryptCode': '1', 'zipCode': '0'}}, 'globalInfo': {'appId': 'AP01', 'version': '1.1.20191201', 'dataExchangeId': '9230489223014123', 'interfaceCode': 'T101', 'requestCode': 'TP', 'requestTime': '2024-07-25 15:22:37', 'responseCode': 'TA', 'userName': 'admin', 'deviceMAC': 'FFFFFFFFFFFF', 'deviceNo': '1008686938_01', 'tin': '1008686938', 'brn': '', 'taxpayerID': '1', 'longitude': '116.397128', 'latitude': '39.916527', 'agentType': '0', 'extendField': {'responseDateFormat': 'dd/MM/yyyy', 'responseTimeFormat': 'dd/MM/yyyy HH:mm:ss', 'referenceNo': '21PL010020807', 'operatorName': 'administrator', 'offlineInvoiceException': {'errorCode': '', 'errorMsg': ''}}}, 'returnStateInfo': {'returnCode': '', 'returnMessage': ''}}
2024-07-25 15:31:05,663 - DEBUG - load_ssl_context verify=True cert=None trust_env=True http2=False
2024-07-25 15:31:05,688 - DEBUG - load_verify_locations cafile='C:\\Python312\\Lib\\site-packages\\certifi\\cacert.pem'
2024-07-25 15:31:06,463 - DEBUG - connect_tcp.started host='efristest.ura.go.ug' port=443 local_address=None timeout=60.0 socket_options=None
2024-07-25 15:31:06,780 - DEBUG - connect_tcp.complete return_value=<httpcore._backends.anyio.AnyIOStream object at 0x00000219AA3D08F0>
2024-07-25 15:31:06,780 - DEBUG - start_tls.started ssl_context=<ssl.SSLContext object at 0x00000219AA775350> server_hostname='efristest.ura.go.ug' timeout=60.0
2024-07-25 15:31:07,013 - DEBUG - start_tls.complete return_value=<httpcore._backends.anyio.AnyIOStream object at 0x00000219AA82FE60>
2024-07-25 15:31:07,013 - DEBUG - send_request_headers.started request=<Request [b'POST']>
2024-07-25 15:31:07,013 - DEBUG - send_request_headers.complete
2024-07-25 15:31:07,013 - DEBUG - send_request_body.started request=<Request [b'POST']>
2024-07-25 15:31:07,013 - DEBUG - send_request_body.complete
2024-07-25 15:31:07,013 - DEBUG - receive_response_headers.started request=<Request [b'POST']>
2024-07-25 15:31:07,239 - DEBUG - receive_response_headers.complete return_value=(b'HTTP/1.1', 200, b'', [(b'Date', b'Thu, 25 Jul 2024 12:30:29 GMT'), (b'Content-Type', b'application/json'), (b'Content-Length', b'792'), (b'Keep-Alive', b'timeout=60'), (b'Connection', b'keep-alive')])
2024-07-25 15:31:07,240 - INFO - HTTP Request: POST https://efristest.ura.go.ug/efrisws/ws/taapp/getInformation "HTTP/1.1 200 "
2024-07-25 15:31:07,241 - DEBUG - receive_response_body.started request=<Request [b'POST']>
2024-07-25 15:31:07,242 - DEBUG - receive_response_body.complete
2024-07-25 15:31:07,243 - DEBUG - response_closed.started
2024-07-25 15:31:07,243 - DEBUG - response_closed.complete
2024-07-25 15:31:07,244 - DEBUG - close.started
2024-07-25 15:31:07,245 - DEBUG - close.complete
2024-07-25 15:32:08,693 - DEBUG - Using proactor: IocpProactor
2024-07-25 15:32:14,811 - DEBUG - Sending number with data: {'data': {'content': '', 'signature': '', 'dataDescription': {'codeType': '0', 'encryptCode': '1', 'zipCode': '0'}}, 'globalInfo': {'appId': 'AP01', 'version': '1.1.20191201', 'dataExchangeId': '9230489223014123', 'interfaceCode': 'T101', 'requestCode': 'TP', 'requestTime': '2024-07-25 15:22:37', 'responseCode': 'TA', 'userName': 'admin', 'deviceMAC': 'FFFFFFFFFFFF', 'deviceNo': '1008686938_01', 'tin': '1008686938', 'brn': '', 'taxpayerID': '1', 'longitude': '116.397128', 'latitude': '39.916527', 'agentType': '0', 'extendField': {'responseDateFormat': 'dd/MM/yyyy', 'responseTimeFormat': 'dd/MM/yyyy HH:mm:ss', 'referenceNo': '21PL010020807', 'operatorName': 'administrator', 'offlineInvoiceException': {'errorCode': '', 'errorMsg': ''}}}, 'returnStateInfo': {'returnCode': '', 'returnMessage': ''}}
2024-07-25 15:32:14,811 - DEBUG - load_ssl_context verify=True cert=None trust_env=True http2=False
2024-07-25 15:32:14,876 - DEBUG - load_verify_locations cafile='C:\\Python312\\Lib\\site-packages\\certifi\\cacert.pem'
2024-07-25 15:32:16,747 - DEBUG - connect_tcp.started host='efristest.ura.go.ug' port=443 local_address=None timeout=60.0 socket_options=None
2024-07-25 15:32:17,030 - DEBUG - connect_tcp.complete return_value=<httpcore._backends.anyio.AnyIOStream object at 0x000002C8DC34E270>
2024-07-25 15:32:17,030 - DEBUG - start_tls.started ssl_context=<ssl.SSLContext object at 0x000002C8DCCC5350> server_hostname='efristest.ura.go.ug' timeout=60.0
2024-07-25 15:32:17,345 - DEBUG - start_tls.complete return_value=<httpcore._backends.anyio.AnyIOStream object at 0x000002C8DCD7FC80>
2024-07-25 15:32:17,345 - DEBUG - send_request_headers.started request=<Request [b'POST']>
2024-07-25 15:32:17,345 - DEBUG - send_request_headers.complete
2024-07-25 15:32:17,345 - DEBUG - send_request_body.started request=<Request [b'POST']>
2024-07-25 15:32:17,345 - DEBUG - send_request_body.complete
2024-07-25 15:32:17,345 - DEBUG - receive_response_headers.started request=<Request [b'POST']>
2024-07-25 15:32:17,634 - DEBUG - receive_response_headers.complete return_value=(b'HTTP/1.1', 200, b'', [(b'Date', b'Thu, 25 Jul 2024 12:31:40 GMT'), (b'Content-Type', b'application/json'), (b'Content-Length', b'792'), (b'Keep-Alive', b'timeout=60'), (b'Connection', b'keep-alive')])
2024-07-25 15:32:17,639 - INFO - HTTP Request: POST https://efristest.ura.go.ug/efrisws/ws/taapp/getInformation "HTTP/1.1 200 "
2024-07-25 15:32:17,640 - DEBUG - receive_response_body.started request=<Request [b'POST']>
2024-07-25 15:32:17,640 - DEBUG - receive_response_body.complete
2024-07-25 15:32:17,641 - DEBUG - response_closed.started
2024-07-25 15:32:17,641 - DEBUG - response_closed.complete
2024-07-25 15:32:17,642 - DEBUG - close.started
2024-07-25 15:32:17,642 - DEBUG - close.complete
